calendardayweekview/build/intermediates/manifest_merge_blame_file/debug/manifest-merger-blame-debug-report.txt
1<?xml version="1.0" encoding="utf-8"?>
2<manifest xmlns:android="http://schemas.android.com/apk/res/android"
3    package="com.rahul.calendardayweekview" >
4
5    <uses-sdk
6        android:minSdkVersion="21"
6-->src/main/AndroidManifest.xml
7        android:targetSdkVersion="32" />
7-->src/main/AndroidManifest.xml
8
9    <application
9-->src/main/AndroidManifest.xml:5:5-24:19
10        android:allowBackup="true"
10-->src/main/AndroidManifest.xml:6:9-35
11        android:icon="@mipmap/ic_launcher"
11-->src/main/AndroidManifest.xml:7:9-43
12        android:label="@string/app_name"
12-->src/main/AndroidManifest.xml:8:9-41
13        android:roundIcon="@mipmap/ic_launcher_round"
13-->src/main/AndroidManifest.xml:9:9-54
14        android:supportsRtl="true"
14-->src/main/AndroidManifest.xml:10:9-35
15        android:theme="@style/Theme.Stepper" >
15-->src/main/AndroidManifest.xml:11:9-45
16        <activity
16-->src/main/AndroidManifest.xml:12:9-14:40
17            android:name="com.rahul.calendardayweekview.EventActivity"
17-->src/main/AndroidManifest.xml:13:13-42
18            android:exported="false" />
18-->src/main/AndroidManifest.xml:14:13-37
19        <activity
19-->src/main/AndroidManifest.xml:15:9-23:20
20            android:name="com.rahul.calendardayweekview.DayActivity"
20-->src/main/AndroidManifest.xml:16:13-40
21            android:exported="true" >
21-->src/main/AndroidManifest.xml:17:13-36
22            <intent-filter>
22-->src/main/AndroidManifest.xml:18:13-22:29
23                <action android:name="android.intent.action.MAIN" />
23-->src/main/AndroidManifest.xml:19:17-69
23-->src/main/AndroidManifest.xml:19:25-66
24
25                <category android:name="android.intent.category.LAUNCHER" />
25-->src/main/AndroidManifest.xml:21:17-77
25-->src/main/AndroidManifest.xml:21:27-74
26            </intent-filter>
27        </activity>
28    </application>
29
30</manifest>